2019/10/09 14:30:58 [notice] 29351#1273276: using the "kqueue" event method
2019/10/09 14:30:58 [notice] 29351#1273276: start worker processes
2019/10/09 14:30:58 [notice] 29351#1273276: start worker process 31917
2019/10/09 14:30:58 [notice] 29351#1273276: signal 23 (SIGIO) received
2019/10/09 14:30:58 [notice] 29351#1273276: signal 23 (SIGIO) received
2019/10/09 14:30:58 [notice] 29351#1273276: signal 20 (SIGCHLD) received from 29779
2019/10/09 14:30:58 [notice] 29351#1273276: worker process 29779 exited with code 0
2019/10/09 14:30:58 [notice] 29351#1273276: signal 23 (SIGIO) received
2019/10/09 14:30:58 [notice] 29351#1273276: signal 23 (SIGIO) received from 31917
2019/10/10 09:44:56 [notice] 29351#1273276: signal 15 (SIGTERM) received from 28738, exiting
2019/10/10 09:44:56 [notice] 31917#1445024: exiting
2019/10/10 09:44:56 [notice] 29351#1273276: signal 23 (SIGIO) received from 31917
2019/10/10 09:44:56 [notice] 31917#1445024: exit
2019/10/10 09:44:56 [notice] 29351#1273276: signal 20 (SIGCHLD) received from 31917
2019/10/10 09:44:56 [notice] 29351#1273276: worker process 31917 exited with code 0
2019/10/10 09:44:56 [notice] 29351#1273276: exit
2019/10/11 17:07:24 [notice] 13570#3772540: using the "kqueue" event method
2019/10/11 17:07:24 [notice] 13570#3772540: openresty/1.15.8.2
2019/10/11 17:07:24 [notice] 13570#3772540: built by clang 10.0.1 (clang-1001.0.46.4)
2019/10/11 17:07:24 [notice] 13570#3772540: OS: Darwin 18.7.0
2019/10/11 17:07:24 [notice] 13570#3772540: hw.ncpu: 8
2019/10/11 17:07:24 [notice] 13570#3772540: net.inet.tcp.sendspace: 131072
2019/10/11 17:07:24 [notice] 13570#3772540: kern.ipc.somaxconn: 128
2019/10/11 17:07:24 [notice] 13570#3772540: getrlimit(RLIMIT_NOFILE): 4864:9223372036854775807
2019/10/11 17:07:24 [notice] 13571#3772548: start worker processes
2019/10/11 17:07:24 [notice] 13571#3772548: start worker process 13572
2019/10/11 17:07:51 [error] 13572#3772549: *1 open() "/Users/jingchen/Documents/GitHub/recordme/openresty/html/favicon.ico" failed (2: No such file or directory), client: 127.0.0.1, server: , request: "GET /favicon.ico HTTP/1.1", host: "127.0.0.1:8081", referrer: "http://127.0.0.1:8081/demo"
2019/10/11 17:09:06 [notice] 13822#3776651: using the "kqueue" event method
2019/10/11 17:09:06 [notice] 13822#3776651: openresty/1.15.8.2
2019/10/11 17:09:06 [notice] 13822#3776651: built by clang 10.0.1 (clang-1001.0.46.4)
2019/10/11 17:09:06 [notice] 13822#3776651: OS: Darwin 18.7.0
2019/10/11 17:09:06 [notice] 13822#3776651: hw.ncpu: 8
2019/10/11 17:09:06 [notice] 13822#3776651: net.inet.tcp.sendspace: 131072
2019/10/11 17:09:06 [notice] 13822#3776651: kern.ipc.somaxconn: 128
2019/10/11 17:09:06 [notice] 13822#3776651: getrlimit(RLIMIT_NOFILE): 4864:9223372036854775807
2019/10/11 17:09:06 [notice] 13823#3776654: start worker processes
2019/10/11 17:09:06 [notice] 13823#3776654: start worker process 13824
2019/10/11 17:12:47 [notice] 13823#3776654: signal 1 (SIGHUP) received from 11002, reconfiguring
2019/10/11 17:12:47 [notice] 13823#3776654: reconfiguring
2019/10/11 17:12:47 [alert] 13823#3776654: lua_code_cache is off; this will hurt performance in /Users/jingchen/Documents/GitHub/recordme/openresty/conf/nginx.conf:22
2019/10/11 17:12:47 [notice] 13823#3776654: using the "kqueue" event method
2019/10/11 17:12:47 [notice] 13823#3776654: start worker processes
2019/10/11 17:12:47 [notice] 13823#3776654: start worker process 13866
2019/10/11 17:12:47 [notice] 13823#3776654: signal 23 (SIGIO) received
2019/10/11 17:12:47 [notice] 13823#3776654: signal 23 (SIGIO) received
2019/10/11 17:12:47 [notice] 13824#3776655: gracefully shutting down
2019/10/11 17:12:47 [notice] 13824#3776655: exiting
2019/10/11 17:12:47 [notice] 13824#3776655: exit
2019/10/11 17:12:47 [notice] 13823#3776654: signal 20 (SIGCHLD) received from 13824
2019/10/11 17:12:47 [notice] 13823#3776654: worker process 13824 exited with code 0
2019/10/11 17:12:47 [notice] 13823#3776654: signal 23 (SIGIO) received
2019/10/11 17:12:47 [notice] 13823#3776654: signal 23 (SIGIO) received from 13866
2019/10/11 17:13:00 [notice] 13823#3776654: signal 1 (SIGHUP) received from 11002, reconfiguring
2019/10/11 17:13:00 [notice] 13823#3776654: reconfiguring
2019/10/11 17:13:00 [alert] 13823#3776654: lua_code_cache is off; this will hurt performance in /Users/jingchen/Documents/GitHub/recordme/openresty/conf/nginx.conf:22
2019/10/11 17:13:00 [notice] 13823#3776654: using the "kqueue" event method
2019/10/11 17:13:00 [notice] 13823#3776654: start worker processes
2019/10/11 17:13:00 [notice] 13823#3776654: start worker process 13901
2019/10/11 17:13:00 [notice] 13823#3776654: signal 23 (SIGIO) received
2019/10/11 17:13:00 [notice] 13866#3780366: gracefully shutting down
2019/10/11 17:13:00 [notice] 13823#3776654: signal 23 (SIGIO) received
2019/10/11 17:13:02 [notice] 13866#3780366: exiting
2019/10/11 17:13:02 [notice] 13866#3780366: exit
2019/10/11 17:13:02 [notice] 13823#3776654: signal 20 (SIGCHLD) received from 13866
2019/10/11 17:13:02 [notice] 13823#3776654: worker process 13866 exited with code 0
2019/10/11 17:13:02 [notice] 13823#3776654: signal 23 (SIGIO) received
2019/10/11 17:13:02 [notice] 13823#3776654: signal 23 (SIGIO) received from 13901
